{"products":[{"id":"1","name":"Product2","price":"12"},{"id":"9","name":"NProd","price":"101"},{"id":"10","name":"Prod","price":"49"},{"id":"11","name":"Lol","price":"123"},{"id":"14","name":"Prod155","price":"124"},{"id":"29","name":"test","price":"12"}]} [2015-06-19 16:44:58]
{"products":[{"id":"1","name":"Product2","price":"12"},{"id":"9","name":"NProd","price":"101"},{"id":"10","name":"Prod","price":"49"},{"id":"11","name":"Lol","price":"123"},{"id":"14","name":"Prod155","price":"124"}]} [2015-06-19 16:45:15]
{"products":[{"id":"1","name":"Product2","price":"11.0000"},{"id":"9","name":"NProd","price":"101.0000"},{"id":"10","name":"Prod","price":"49.0000"},{"id":"11","name":"Lol","price":"123.0000"},{"id":"14","name":"Prod155","price":"124.0000"}]} [2015-06-19 17:00:32]
{"products":[{"id":"1","name":"Product2","price":"11.0000"},{"id":"9","name":"NProd","price":"101.0000"},{"id":"10","name":"Prod","price":"49.0000"},{"id":"11","name":"Lol","price":"123.0000"},{"id":"14","name":"Prod155","price":"124.0000"},{"id":"30","name":"test","price":"12.1200"}]} [2015-06-19 17:06:47]
{"products":[{"id":"1","name":"Product2","price":"11.0000","description":null},{"id":"9","name":"NProd","price":"101.0000","description":null},{"id":"10","name":"Prod","price":"49.0000","description":null},{"id":"11","name":"Lol","price":"123.0000","description":null},{"id":"14","name":"Prod155","price":"124.0000","description":null}]} [2015-06-19 18:58:26]
{"products":[{"id":"1","name":"Product2","price":"11.0000","description":null},{"id":"9","name":"NProd","price":"101.0000","description":null},{"id":"10","name":"Prod","price":"49.0000","description":null},{"id":"11","name":"Lol","price":"123.0000","description":null},{"id":"14","name":"Prod155","price":"124.0000","description":null},{"id":"32","name":"test","price":"12.0000","description":"ddfsf"}]} [2015-06-19 19:00:40]
{"products":[{"id":"1","name":"Product2","price":"11.0000","description":null},{"id":"9","name":"NProd","price":"101.0000","description":null},{"id":"10","name":"Prod","price":"49.0000","description":null},{"id":"11","name":"Lol","price":"123.0000","description":null},{"id":"14","name":"Prod155","price":"124.0000","description":null}]} [2015-06-19 19:00:47]
{"products":[{"id":"1","name":"Product2","price":"11.0000","description":null},{"id":"9","name":"NProd","price":"101.0000","description":null},{"id":"10","name":"Prod","price":"49.0000","description":null},{"id":"11","name":"Lol","price":"123.0000","description":null},{"id":"14","name":"Prod155","price":"124.0000","description":null},{"id":"33","name":"test","price":"123.0000","description":"Desc"}]} [2015-06-19 19:06:07]
{"products":[{"id":"1","name":"Product2","price":"11.0000","description":null},{"id":"9","name":"NProd","price":"101.0000","description":null},{"id":"10","name":"Prod","price":"49.0000","description":null},{"id":"11","name":"Lol","price":"123.0000","description":null},{"id":"14","name":"Prod155","price":"124.0000","description":null},{"id":"33","name":"test","price":"123.0000","description":"De"}]} [2015-06-19 19:06:15]
{"products":[{"id":"1","name":"Product2","price":"11.0000","description":null},{"id":"9","name":"NProd","price":"101.0000","description":null},{"id":"10","name":"Prod","price":"49.0000","description":null},{"id":"11","name":"Lol","price":"123.0000","description":null},{"id":"14","name":"Prod155","price":"124.0000","description":null}]} [2015-06-19 19:09:04]
{"products":[{"id":"1","name":"Product2","price":"11.0000","description":null},{"id":"9","name":"NProd","price":"101.0000","description":null},{"id":"10","name":"Prod","price":"49.0000","description":null},{"id":"11","name":"Lol","price":"123.0000","description":null},{"id":"14","name":"Prod155","price":"124.0000","description":null},{"id":"34","name":"TestPro","price":"12.1200","description":"Desdc"}]} [2015-06-19 19:09:18]array(1) {
  ["products"]=>
  array(11) {
    [0]=>
    array(4) {
      ["id"]=>
      string(1) "1"
      ["name"]=>
      string(8) "Product2"
      ["price"]=>
      string(7) "11.0000"
      ["description"]=>
      NULL
    }
    [1]=>
    array(4) {
      ["id"]=>
      string(1) "9"
      ["name"]=>
      string(5) "NProd"
      ["price"]=>
      string(8) "101.0000"
      ["description"]=>
      NULL
    }
    [2]=>
    array(4) {
      ["id"]=>
      string(2) "10"
      ["name"]=>
      string(4) "Prod"
      ["price"]=>
      string(7) "49.0000"
      ["description"]=>
      NULL
    }
    [3]=>
    array(4) {
      ["id"]=>
      string(2) "11"
      ["name"]=>
      string(3) "Lol"
      ["price"]=>
      string(8) "123.0000"
      ["description"]=>
      NULL
    }
    [4]=>
    array(4) {
      ["id"]=>
      string(2) "14"
      ["name"]=>
      string(7) "Prod155"
      ["price"]=>
      string(8) "124.0000"
      ["description"]=>
      NULL
    }
    [5]=>
    array(4) {
      ["id"]=>
      string(2) "34"
      ["name"]=>
      string(7) "TestPro"
      ["price"]=>
      string(7) "12.1200"
      ["description"]=>
      string(5) "Desdc"
    }
    [6]=>
    array(4) {
      ["id"]=>
      string(2) "35"
      ["name"]=>
      string(3) "dsf"
      ["price"]=>
      string(7) "12.0000"
      ["description"]=>
      string(2) "qw"
    }
    [7]=>
    array(4) {
      ["id"]=>
      string(2) "36"
      ["name"]=>
      string(3) "sda"
      ["price"]=>
      string(8) "123.0000"
      ["description"]=>
      string(2) "12"
    }
    [8]=>
    array(4) {
      ["id"]=>
      string(2) "37"
      ["name"]=>
      string(5) "Milka"
      ["price"]=>
      string(8) "525.3200"
      ["description"]=>
      string(8) "Valflepe"
    }
    [9]=>
    array(4) {
      ["id"]=>
      string(2) "38"
      ["name"]=>
      string(4) "dasd"
      ["price"]=>
      string(7) "11.0000"
      ["description"]=>
      string(2) "12"
    }
    [10]=>
    array(4) {
      ["id"]=>
      string(2) "39"
      ["name"]=>
      string(4) "rwer"
      ["price"]=>
      string(8) "124.0000"
      ["description"]=>
      string(2) "12"
    }
  }
}
 [2015-06-19 19:38:38]
array(1) {
  ["products"]=>
  array(12) {
    [0]=>
    array(4) {
      ["id"]=>
      string(1) "1"
      ["name"]=>
      string(8) "Product2"
      ["price"]=>
      string(7) "11.0000"
      ["description"]=>
      NULL
    }
    [1]=>
    array(4) {
      ["id"]=>
      string(1) "9"
      ["name"]=>
      string(5) "NProd"
      ["price"]=>
      string(8) "101.0000"
      ["description"]=>
      NULL
    }
    [2]=>
    array(4) {
      ["id"]=>
      string(2) "10"
      ["name"]=>
      string(4) "Prod"
      ["price"]=>
      string(7) "49.0000"
      ["description"]=>
      NULL
    }
    [3]=>
    array(4) {
      ["id"]=>
      string(2) "11"
      ["name"]=>
      string(3) "Lol"
      ["price"]=>
      string(8) "123.0000"
      ["description"]=>
      NULL
    }
    [4]=>
    array(4) {
      ["id"]=>
      string(2) "14"
      ["name"]=>
      string(7) "Prod155"
      ["price"]=>
      string(8) "124.0000"
      ["description"]=>
      NULL
    }
    [5]=>
    array(4) {
      ["id"]=>
      string(2) "34"
      ["name"]=>
      string(7) "TestPro"
      ["price"]=>
      string(7) "12.1200"
      ["description"]=>
      string(5) "Desdc"
    }
    [6]=>
    array(4) {
      ["id"]=>
      string(2) "35"
      ["name"]=>
      string(3) "dsf"
      ["price"]=>
      string(7) "12.0000"
      ["description"]=>
      string(2) "qw"
    }
    [7]=>
    array(4) {
      ["id"]=>
      string(2) "36"
      ["name"]=>
      string(3) "sda"
      ["price"]=>
      string(8) "123.0000"
      ["description"]=>
      string(2) "12"
    }
    [8]=>
    array(4) {
      ["id"]=>
      string(2) "37"
      ["name"]=>
      string(5) "Milka"
      ["price"]=>
      string(8) "525.3200"
      ["description"]=>
      string(8) "Valflepe"
    }
    [9]=>
    array(4) {
      ["id"]=>
      string(2) "38"
      ["name"]=>
      string(4) "dasd"
      ["price"]=>
      string(7) "11.0000"
      ["description"]=>
      string(2) "12"
    }
    [10]=>
    array(4) {
      ["id"]=>
      string(2) "39"
      ["name"]=>
      string(4) "rwer"
      ["price"]=>
      string(8) "124.0000"
      ["description"]=>
      string(2) "12"
    }
    [11]=>
    array(4) {
      ["id"]=>
      string(2) "40"
      ["name"]=>
      string(4) "rrsr"
      ["price"]=>
      string(6) "0.0000"
      ["description"]=>
      string(4) "1242"
    }
  }
}
 [2015-06-19 19:41:13]
array(1) {
  ["products"]=>
  array(13) {
    [0]=>
    array(4) {
      ["id"]=>
      string(1) "1"
      ["name"]=>
      string(8) "Product2"
      ["price"]=>
      string(7) "11.0000"
      ["description"]=>
      NULL
    }
    [1]=>
    array(4) {
      ["id"]=>
      string(1) "9"
      ["name"]=>
      string(5) "NProd"
      ["price"]=>
      string(8) "101.0000"
      ["description"]=>
      NULL
    }
    [2]=>
    array(4) {
      ["id"]=>
      string(2) "10"
      ["name"]=>
      string(4) "Prod"
      ["price"]=>
      string(7) "49.0000"
      ["description"]=>
      NULL
    }
    [3]=>
    array(4) {
      ["id"]=>
      string(2) "11"
      ["name"]=>
      string(3) "Lol"
      ["price"]=>
      string(8) "123.0000"
      ["description"]=>
      NULL
    }
    [4]=>
    array(4) {
      ["id"]=>
      string(2) "14"
      ["name"]=>
      string(7) "Prod155"
      ["price"]=>
      string(8) "124.0000"
      ["description"]=>
      NULL
    }
    [5]=>
    array(4) {
      ["id"]=>
      string(2) "34"
      ["name"]=>
      string(7) "TestPro"
      ["price"]=>
      string(7) "12.1200"
      ["description"]=>
      string(5) "Desdc"
    }
    [6]=>
    array(4) {
      ["id"]=>
      string(2) "35"
      ["name"]=>
      string(3) "dsf"
      ["price"]=>
      string(7) "12.0000"
      ["description"]=>
      string(2) "qw"
    }
    [7]=>
    array(4) {
      ["id"]=>
      string(2) "36"
      ["name"]=>
      string(3) "sda"
      ["price"]=>
      string(8) "123.0000"
      ["description"]=>
      string(2) "12"
    }
    [8]=>
    array(4) {
      ["id"]=>
      string(2) "37"
      ["name"]=>
      string(5) "Milka"
      ["price"]=>
      string(8) "525.3200"
      ["description"]=>
      string(8) "Valflepe"
    }
    [9]=>
    array(4) {
      ["id"]=>
      string(2) "38"
      ["name"]=>
      string(4) "dasd"
      ["price"]=>
      string(7) "11.0000"
      ["description"]=>
      string(2) "12"
    }
    [10]=>
    array(4) {
      ["id"]=>
      string(2) "39"
      ["name"]=>
      string(4) "rwer"
      ["price"]=>
      string(8) "124.0000"
      ["description"]=>
      string(2) "12"
    }
    [11]=>
    array(4) {
      ["id"]=>
      string(2) "40"
      ["name"]=>
      string(4) "rrsr"
      ["price"]=>
      string(6) "0.0000"
      ["description"]=>
      string(4) "1242"
    }
    [12]=>
    array(4) {
      ["id"]=>
      string(2) "41"
      ["name"]=>
      string(5) "Losty"
      ["price"]=>
      string(8) "141.0000"
      ["description"]=>
      string(4) "1231"
    }
  }
}
 [2015-06-19 19:49:26]
array(14) {
  [0]=>
  array(4) {
    ["id"]=>
    string(1) "1"
    ["name"]=>
    string(8) "Product2"
    ["price"]=>
    string(7) "11.0000"
    ["description"]=>
    NULL
  }
  [1]=>
  array(4) {
    ["id"]=>
    string(1) "9"
    ["name"]=>
    string(5) "NProd"
    ["price"]=>
    string(8) "101.0000"
    ["description"]=>
    NULL
  }
  [2]=>
  array(4) {
    ["id"]=>
    string(2) "10"
    ["name"]=>
    string(4) "Prod"
    ["price"]=>
    string(7) "49.0000"
    ["description"]=>
    NULL
  }
  [3]=>
  array(4) {
    ["id"]=>
    string(2) "11"
    ["name"]=>
    string(3) "Lol"
    ["price"]=>
    string(8) "123.0000"
    ["description"]=>
    NULL
  }
  [4]=>
  array(4) {
    ["id"]=>
    string(2) "14"
    ["name"]=>
    string(7) "Prod155"
    ["price"]=>
    string(8) "124.0000"
    ["description"]=>
    NULL
  }
  [5]=>
  array(4) {
    ["id"]=>
    string(2) "34"
    ["name"]=>
    string(7) "TestPro"
    ["price"]=>
    string(7) "12.1200"
    ["description"]=>
    string(5) "Desdc"
  }
  [6]=>
  array(4) {
    ["id"]=>
    string(2) "35"
    ["name"]=>
    string(3) "dsf"
    ["price"]=>
    string(7) "12.0000"
    ["description"]=>
    string(2) "qw"
  }
  [7]=>
  array(4) {
    ["id"]=>
    string(2) "36"
    ["name"]=>
    string(3) "sda"
    ["price"]=>
    string(8) "123.0000"
    ["description"]=>
    string(2) "12"
  }
  [8]=>
  array(4) {
    ["id"]=>
    string(2) "37"
    ["name"]=>
    string(5) "Milka"
    ["price"]=>
    string(8) "525.3200"
    ["description"]=>
    string(8) "Valflepe"
  }
  [9]=>
  array(4) {
    ["id"]=>
    string(2) "38"
    ["name"]=>
    string(4) "dasd"
    ["price"]=>
    string(7) "11.0000"
    ["description"]=>
    string(2) "12"
  }
  [10]=>
  array(4) {
    ["id"]=>
    string(2) "39"
    ["name"]=>
    string(4) "rwer"
    ["price"]=>
    string(8) "124.0000"
    ["description"]=>
    string(2) "12"
  }
  [11]=>
  array(4) {
    ["id"]=>
    string(2) "40"
    ["name"]=>
    string(4) "rrsr"
    ["price"]=>
    string(6) "0.0000"
    ["description"]=>
    string(4) "1242"
  }
  [12]=>
  array(4) {
    ["id"]=>
    string(2) "41"
    ["name"]=>
    string(5) "Losty"
    ["price"]=>
    string(8) "141.0000"
    ["description"]=>
    string(4) "1231"
  }
  [13]=>
  array(4) {
    ["id"]=>
    string(2) "42"
    ["name"]=>
    string(4) "eqwe"
    ["price"]=>
    string(8) "142.0000"
    ["description"]=>
    string(2) "12"
  }
}
 [2015-06-19 19:52:40]
